<?xml version="1.0" encoding="UTF-8"?>
<testsuite xmlns:xsi="http://www.w3.org/2001/XMLSchema-instance" xsi:noNamespaceSchemaLocation="https://maven.apache.org/surefire/maven-surefire-plugin/xsd/surefire-test-report.xsd" name="verma.sparsh.petclinic.services.map.PetTypeServiceMapTest" time="0" tests="6" errors="0" skipped="0" failures="0">
  <properties>
[...]
</properties>
  <testcase name="saveNoId" classname="verma.sparsh.petclinic.services.map.PetTypeServiceMapTest" time="0"/>
  <testcase name="saveExistingId" classname="verma.sparsh.petclinic.services.map.PetTypeServiceMapTest" time="0"/>
  <testcase name="delete" classname="verma.sparsh.petclinic.services.map.PetTypeServiceMapTest" time="0"/>
  <testcase name="findAll" classname="verma.sparsh.petclinic.services.map.PetTypeServiceMapTest" time="0"/>
  <testcase name="findById" classname="verma.sparsh.petclinic.services.map.PetTypeServiceMapTest" time="0"/>
  <testcase name="deleteById" classname="verma.sparsh.petclinic.services.map.PetTypeServiceMapTest" time="0"/>
</testsuite>